[Done]
0821_041527.1615=End to (None)
0821_090241.6995=End to (None)
0821_130446.1543=End to (None)
0821_193145.5313=End to (None)
0822_102148.2363=End to (None)
0823_104450.2052=End to (None)
0824_090633.1057=End to (None)
0824_121940.3259=End to (None)
0825_200656.7531=End to (None)
0826_204643.9352=End to (None)
0827_174147.4253=End to (None)
0828_011000.4605=End to (None)
0828_131259.6932=End to (None)
0828_201043.8900=End to (None)
0828_225503.5774=End to (None)
0829_090405.6539=End to (None)
0829_125028.8492=End to (None)
0830_095634.8301=End to (None)
0830_152101.8999=End to (None)
0831_091421.7934=End to (None)
0901_090132.4264=End to (None)
0901_141823.7202=End to (None)
0902_121414.8522=End to (None)
0903_115258.9334=End to (None)
0904_094303.5618=End to (None)
0905_090235.6473=End to (None)
0906_090403.2864=End to (None)
0906_123833.7197=End to (None)
0908_091610.5447=End to (None)
0908_151759.5147=End to (None)
0910_091003.3183=End to (None)
0911_005012.4631=End to (None)
0911_090209.4172=End to (None)
0911_130244.1525=End to (None)
0911_214336.9410=End to (None)
0912_022002.0588=End to (None)
0912_130104.6302=End to (None)
0912_194939.9706=End to (None)
0913_090110.8540=End to (None)
0913_125331.0322=End to (None)
0914_090311.0672=End to (None)
0915_083514.9983=End to (None)
0915_181356.5137=End to (None)
0915_183447.1343=End to (None)
0915_202518.9652=End to (None)
0916_033450.9107=End to (None)
0917_160507.8735=End to (None)
0918_090158.2498=End to (None)
0918_130437.3189=End to (None)
0919_090125.5648=End to (None)
0920_090537.6062=End to (None)
0920_125532.0293=End to (None)
0920_160046.2056=End to (None)
0922_090135.5843=End to (None)
0923_140533.7287=End to (None)
0924_104141.0712=End to (None)
0925_115541.4478=End to (None)
0925_141000.4680=End to (None)
0925_223307.0101=End to (None)
0926_155146.9893=End to (None)
0926_214050.7233=End to (None)
0927_131956.9095=End to (None)
0927_143918.8171=End to (None)
0927_163524.4972=End to (None)
0927_220929.8550=End to (None)
0928_094930.3502=End to (None)
0929_161605.4197=End to (None)
0929_221524.0161=End to (None)
1009_171721.7401=End to (None)
1009_223914.2028=End to (None)
1010_090318.3362=End to (None)
1011_062937.6009=End to (None)
1011_103752.2829=End to (None)
1011_185443.9904=End to (None)
1012_090444.0024=End to (None)
1013_081906.9005=End to (None)
1013_190206.7151=End to (None)
1014_201035.1367=End to (None)
1015_020211.2404=End to (None)
1015_153028.3928=End to (None)
1016_004328.7022=End to (None)
1016_093345.6853=End to (None)
1017_212828.0601=End to (None)
1018_150118.0286=End to (None)
1019_103427.6883=End to (None)
1020_010549.9260=End to (None)
1020_125259.6605=End to (None)
1020_232438.6747=End to (None)
1021_114410.9725=End to (None)
1021_150342.5805=End to (None)
1021_234604.9056=End to (None)
1022_171751.2043=End to (None)
1024_010953.1045=End to (None)
1024_141949.8683=End to (None)
1025_024824.5760=End to (None)
1025_072456.9215=End to (None)
1027_125149.6587=End to (None)
1028_184817.7117=End to (None)
1029_082808.0501=End to (None)
1030_110813.1646=End to (None)
1031_101823.5328=End to (None)
1031_104841.8242=End to (None)
1031_115811.4247=End to (None)
1102_125753.1141=End to (None)
1102_190150.6734=End to (None)
1102_190924.7881=End to (None)
1103_001544.7327=End to (None)
1103_103539.6054=End to (None)
1103_184326.2825=End to (None)
1104_220234.3480=End to (None)
1105_183441.4455=End to (None)
1106_011430.0126=End to (None)
1106_100922.5486=End to (None)
1106_194059.7541=End to (None)
1107_103502.8706=End to (None)
1108_104825.9428=End to (None)
1108_150334.6803=End to (None)
1111_004116.8711=End to (None)
1111_122510.3587=End to (None)
1113_095940.4761=End to (None)
1115_004450.0229=End to (None)
1115_142050.0413=End to (None)
1116_185927.0928=End to (None)
1118_161222.3120=End to (None)
1118_185253.1231=End to (None)
1120_085921.2339=End to (None)
1120_085937.2250=End to (None)
1123_131758.9603=End to (None)
[LastLog]
Action=None
Key=1123_131808.7407
[None]
0821_041527.1771=Begin from (Done)
0821_041535.2352=End to (Off)
0821_090241.6995_0=Begin from (Done)
0821_090249.6438=End to (Off)
0821_130446.1613=Begin from (Done)
0821_130454.7413=End to (Off)
0821_193145.5469=Begin from (Done)
0821_193153.7188=End to (Off)
0822_102148.2433=Begin from (Done)
0822_102156.6169=End to (Off)
0823_104450.2127=Begin from (Done)
0823_104459.2055=End to (Off)
0824_090633.1132=Begin from (Done)
0824_090641.5746=End to (Off)
0824_121940.3334=Begin from (Done)
0824_121948.3129=End to (Off)
0825_200656.7531_0=Begin from (Done)
0825_200704.5220=End to (Off)
0826_204643.9427=Begin from (Done)
0826_204651.0025=End to (Off)
0827_174147.4328=Begin from (Done)
0827_174155.4904=End to (Off)
0828_011000.4686=Begin from (Done)
0828_011008.3576=End to (Off)
0828_131259.7088=Begin from (Done)
0828_131307.6209=End to (Off)
0828_201043.9056=Begin from (Done)
0828_201051.8653=End to (Off)
0828_225503.5774_0=Begin from (Done)
0828_225511.7011=End to (Off)
0829_090405.6539_0=Begin from (Done)
0829_090413.9676=End to (Off)
0829_125028.8492_0=Begin from (Done)
0829_125037.1392=End to (Off)
0830_095634.8301_0=Begin from (Done)
0830_095643.0810=End to (Off)
0830_152101.8999_0=Begin from (Done)
0830_152109.6002=End to (Off)
0831_091421.8019=Begin from (Done)
0831_091429.8996=End to (Off)
0901_090132.4269=Begin from (Done)
0901_090140.1377=End to (Off)
0901_141823.7202_0=Begin from (Done)
0901_141831.3535=End to (Off)
0902_121414.8522_0=Begin from (Done)
0902_121423.6632=End to (Off)
0903_115258.9334_0=Begin from (Done)
0903_115305.0219=End to (Off)
0904_094303.5719=Begin from (Done)
0904_094309.1938=End to (Off)
0905_090235.6473_0=Begin from (Done)
0905_090243.5650=End to (Off)
0906_090403.2949=Begin from (Done)
0906_090411.3570=End to (Off)
0906_123833.7197_0=Begin from (Done)
0906_123842.1128=End to (Off)
0908_091610.5447_0=Begin from (Done)
0908_091619.1820=End to (Off)
0908_151759.5303=Begin from (Done)
0908_151807.5542=End to (Off)
0910_091003.3339=Begin from (Done)
0910_091009.9227=End to (Off)
0911_005012.4631_0=Begin from (Done)
0911_005020.2747=End to (Off)
0911_090209.4172_0=Begin from (Done)
0911_090217.1527=End to (Off)
0911_130244.1600=Begin from (Done)
0911_130251.9878=End to (Off)
0911_214336.9410_0=Begin from (Done)
0911_214344.9762=End to (Off)
0912_022002.0673=Begin from (Done)
0912_022010.0346=End to (Off)
0912_130104.6357=Begin from (Done)
0912_130112.2321=End to (Off)
0912_194939.9706_0=Begin from (Done)
0912_194948.0496=End to (Off)
0913_090110.8616=Begin from (Done)
0913_090119.1939=End to (Off)
0913_125331.0402=Begin from (Done)
0913_125336.9038=End to (Off)
0914_090311.0984=Begin from (Done)
0914_090318.3041=End to (Off)
0915_083515.0139=Begin from (Done)
0915_083523.5072=End to (Off)
0915_181356.5137_0=Begin from (Done)
0915_181404.6864=End to (Off)
0915_183447.1603=Begin from (Done)
0915_183453.0430=End to (Off)
0915_202518.9652_0=Begin from (Done)
0915_202527.1164=End to (Off)
0916_033450.9152=Begin from (Done)
0916_033458.6048=End to (Off)
0917_160507.8891=Begin from (Done)
0917_160516.2494=End to (Off)
0918_090158.2498_0=Begin from (Done)
0918_090206.0090=End to (Off)
0918_130437.3189_0=Begin from (Done)
0918_130445.2384=End to (Off)
0919_090125.5804=Begin from (Done)
0919_090133.2607=End to (Off)
0920_090537.6218=Begin from (Done)
0920_090544.5384=End to (Off)
0920_125532.0383=Begin from (Done)
0920_125540.1733=End to (Off)
0920_160046.2056_0=Begin from (Done)
0920_160054.1289=End to (Off)
0922_090135.6010=Begin from (Done)
0922_090143.5644=End to (Off)
0923_140533.7443=Begin from (Done)
0923_140542.3546=End to (Off)
0924_104141.0712_0=Begin from (Done)
0924_104149.3441=End to (Off)
0925_115541.4478_0=Begin from (Done)
0925_115549.4006=End to (Off)
0925_141000.4680_0=Begin from (Done)
0925_141006.9087=End to (Off)
0925_223307.0187=Begin from (Done)
0925_223314.5141=End to (Off)
0926_155147.0049=Begin from (Done)
0926_155155.1548=End to (Off)
0926_214050.7233_0=Begin from (Done)
0926_214058.1361=End to (Off)
0927_131956.9251=Begin from (Done)
0927_132004.6584=End to (Off)
0927_143918.8171_0=Begin from (Done)
0927_143926.3688=End to (Off)
0927_163524.5128=Begin from (Done)
0927_163530.1724=End to (Off)
0927_220929.8621=Begin from (Done)
0927_220938.0312=End to (Off)
0928_094930.3592=Begin from (Done)
0928_094939.1466=End to (Off)
0929_161605.4354=Begin from (Done)
0929_161613.4384=End to (Off)
0929_221524.0257=Begin from (Done)
0929_221531.8970=End to (Off)
1009_171721.7557=Begin from (Done)
1009_171729.3026=End to (Off)
1009_223914.2114=Begin from (Done)
1009_223922.1958=End to (Off)
1010_090318.3362_0=Begin from (Done)
1010_090326.3011=End to (Off)
1011_062937.6165=Begin from (Done)
1011_062945.8671=End to (Off)
1011_103752.3320=Begin from (Done)
1011_103800.9058=End to (Off)
1011_185444.0061=Begin from (Done)
1011_185454.3427=End to (Off)
1012_090444.0039=Begin from (Done)
1012_090452.2585=End to (Off)
1013_081906.9162=Begin from (Done)
1013_081916.1707=End to (Off)
1013_190206.7307=Begin from (Done)
1013_190216.3959=End to (Off)
1014_201035.1367_0=Begin from (Done)
1014_201044.6519=End to (Off)
1015_020211.2560=Begin from (Done)
1015_020219.9158=End to (Off)
1015_153028.4084=Begin from (Done)
1015_153037.5923=End to (Off)
1016_004328.7022_0=Begin from (Done)
1016_004337.3244=End to (Off)
1016_093345.6853_0=Begin from (Done)
1016_093354.1101=End to (Off)
1017_212828.0757=Begin from (Done)
1017_212837.1322=End to (Off)
1018_150118.0286_0=Begin from (Done)
1018_150126.1976=End to (Off)
1019_103427.6883_0=Begin from (Done)
1019_103436.5154=End to (Off)
1020_010549.9341=Begin from (Done)
1020_010558.6949=End to (Off)
1020_125259.6605_0=Begin from (Done)
1020_125308.8802=End to (Off)
1020_232438.6747_0=Begin from (Done)
1020_232448.0507=End to (Off)
1021_114410.9725_0=Begin from (Done)
1021_114419.4778=End to (Off)
1021_150342.5805_0=Begin from (Done)
1021_150351.0832=End to (Off)
1021_234604.9141=Begin from (Done)
1021_234612.8632=End to (Off)
1022_171751.2199=Begin from (Done)
1022_171800.1896=End to (Off)
1024_010953.1045_0=Begin from (Done)
1024_011001.6231=End to (Off)
1024_141949.8724=Begin from (Done)
1024_142000.5477=End to (Off)
1025_024824.5916=Begin from (Done)
1025_024833.4870=End to (Off)
1025_072456.9215_0=Begin from (Done)
1025_072505.2811=End to (Off)
1027_125149.6744=Begin from (Done)
1027_125158.4549=End to (Off)
1028_184817.7197=Begin from (Done)
1028_184824.6274=End to (Off)
1029_082808.0501_0=Begin from (Done)
1029_082817.0370=End to (Off)
1030_110813.1646_0=Begin from (Done)
1030_110822.2032=End to (Off)
1031_101823.5485=Begin from (Done)
1031_101831.0782=End to (Off)
1031_104841.8398=Begin from (Done)
1031_104850.2890=End to (Off)
1031_115811.4332=Begin from (Done)
1031_115820.5354=End to (Off)
1102_125753.1222=Begin from (Done)
1102_125759.2450=End to (Off)
1102_190150.6734_0=Begin from (Done)
1102_190159.3149=End to (Off)
1102_190924.7881_0=Begin from (Done)
1102_190933.9010=End to (Off)
1103_001544.7428=Begin from (Done)
1103_001550.8915=End to (Off)
1103_103539.6134=Begin from (Done)
1103_103546.0002=End to (Off)
1103_184326.2825_0=Begin from (Done)
1103_184336.5493=End to (Off)
1104_220234.3570=Begin from (Done)
1104_220243.5760=End to (Off)
1105_183441.4611=Begin from (Done)
1105_183450.2280=End to (Off)
1106_011430.0206=Begin from (Done)
1106_011437.5930=End to (Off)
1106_100922.5486_0=Begin from (Done)
1106_100931.4186=End to (Off)
1106_194059.7621=Begin from (Done)
1106_194106.8102=End to (Off)
1107_103502.8863=Begin from (Done)
1107_103509.0214=End to (Off)
1108_104825.9533=Begin from (Done)
1108_104832.3765=End to (Off)
1108_150334.6803_0=Begin from (Done)
1108_150343.7750=End to (Off)
1111_004116.8771=Begin from (Done)
1111_004122.9873=End to (Off)
1111_122510.3587_0=Begin from (Done)
1111_122519.1036=End to (Off)
1113_095940.4761_0=Begin from (Done)
1113_095949.1020=End to (Off)
1115_004450.0325=Begin from (Done)
1115_004456.4971=End to (Off)
1115_142050.0513=Begin from (Done)
1115_142057.4828=End to (Off)
1116_185927.1085=Begin from (Done)
1116_185936.3126=End to (Off)
1118_161222.3901=Begin from (Done)
1118_161237.1886=End to (Off)
1118_185253.1744=Begin from (Done)
1118_185306.4550=End to (Off)
1120_085921.2339_0=Begin from (Done)
1120_085931.5319=End to (Off)
1120_085937.2250_0=Begin from (Done)
1120_085947.1167=End to (Off)
1123_131758.9662=Begin from (Done)
1123_131808.7407=End to (Off)
